0 info it worked if it ends with ok
1 verbose cli [ '/usr/local/bin/node', '/usr/local/bin/npm', 'install' ]
2 info using npm@3.3.6
3 info using node@v5.0.0
4 silly loadCurrentTree Starting
5 silly install loadCurrentTree
6 silly install readLocalPackageData
7 silly install normalizeTree
8 silly loadCurrentTree Finishing
9 silly loadIdealTree Starting
10 silly install loadIdealTree
11 silly cloneCurrentTree Starting
12 silly install cloneCurrentTreeToIdealTree
13 silly cloneCurrentTree Finishing
14 silly loadShrinkwrap Starting
15 silly install loadShrinkwrap
16 silly loadShrinkwrap Finishing
17 silly loadAllDepsIntoIdealTree Starting
18 silly install loadAllDepsIntoIdealTree
19 silly fetchNamedPackageData client-session
20 silly mapToRegistry name client-session
21 silly mapToRegistry using default registry
22 silly mapToRegistry registry http://registry.npmjs.org/
23 silly mapToRegistry uri http://registry.npmjs.org/client-session
24 verbose request uri http://registry.npmjs.org/client-session
25 verbose request no auth needed
26 info attempt registry request try #1 at 3:05:41 AM
27 verbose request id e7a02e9fbff0850a
28 verbose etag "APZT34OCCZERAARE3Y33U0LM9"
29 http request GET http://registry.npmjs.org/client-session
30 http 304 http://registry.npmjs.org/client-session
31 verbose headers { date: 'Mon, 30 Nov 2015 11:05:37 GMT',
31 verbose headers   via: '1.1 varnish',
31 verbose headers   'cache-control': 'max-age=60',
31 verbose headers   etag: '"APZT34OCCZERAARE3Y33U0LM9"',
31 verbose headers   age: '0',
31 verbose headers   connection: 'keep-alive',
31 verbose headers   'x-served-by': 'cache-sjc3132-SJC',
31 verbose headers   'x-cache': 'MISS',
31 verbose headers   'x-cache-hits': '0',
31 verbose headers   'x-timer': 'S1448881537.542012,VS0,VE35',
31 verbose headers   vary: 'Accept' }
32 silly get cb [ 304,
32 silly get   { date: 'Mon, 30 Nov 2015 11:05:37 GMT',
32 silly get     via: '1.1 varnish',
32 silly get     'cache-control': 'max-age=60',
32 silly get     etag: '"APZT34OCCZERAARE3Y33U0LM9"',
32 silly get     age: '0',
32 silly get     connection: 'keep-alive',
32 silly get     'x-served-by': 'cache-sjc3132-SJC',
32 silly get     'x-cache': 'MISS',
32 silly get     'x-cache-hits': '0',
32 silly get     'x-timer': 'S1448881537.542012,VS0,VE35',
32 silly get     vary: 'Accept' } ]
33 verbose etag http://registry.npmjs.org/client-session from cache
34 verbose get saving client-session to /home/seed/.npm/registry.npmjs.org/client-session/.cache.json
35 silly resolveWithNewModule client-session@0.1.7 checking installable status
36 silly cache add args [ 'client-session@latest', null ]
37 verbose cache add spec client-session@latest
38 silly cache add parsed spec Result {
38 silly cache add   raw: 'client-session@latest',
38 silly cache add   scope: null,
38 silly cache add   name: 'client-session',
38 silly cache add   rawSpec: 'latest',
38 silly cache add   spec: 'latest',
38 silly cache add   type: 'tag' }
39 silly addNamed client-session@latest
40 verbose addNamed "latest" is being treated as a dist-tag for client-session
41 info addNameTag [ 'client-session', 'latest' ]
42 silly mapToRegistry name client-session
43 silly mapToRegistry using default registry
44 silly mapToRegistry registry http://registry.npmjs.org/
45 silly mapToRegistry uri http://registry.npmjs.org/client-session
46 verbose addNameTag registry:http://registry.npmjs.org/client-session not in flight; fetching
47 verbose get http://registry.npmjs.org/client-session not expired, no request
48 silly addNameTag next cb for client-session with tag latest
49 silly addNamed client-session@0.1.7
50 verbose addNamed "0.1.7" is a plain semver version for client-session
51 silly cache afterAdd client-session@0.1.7
52 verbose afterAdd /home/seed/.npm/client-session/0.1.7/package/package.json not in flight; writing
53 verbose afterAdd /home/seed/.npm/client-session/0.1.7/package/package.json written
54 silly fetchNamedPackageData fsevents
55 silly mapToRegistry name fsevents
56 silly mapToRegistry using default registry
57 silly mapToRegistry registry http://registry.npmjs.org/
58 silly mapToRegistry uri http://registry.npmjs.org/fsevents
59 verbose request uri http://registry.npmjs.org/fsevents
60 verbose request no auth needed
61 info attempt registry request try #1 at 3:05:44 AM
62 verbose etag "4F9X7UJ00LLYKKNJG6RHV1DOR"
63 http request GET http://registry.npmjs.org/fsevents
64 http 304 http://registry.npmjs.org/fsevents
65 verbose headers { date: 'Mon, 30 Nov 2015 11:05:39 GMT',
65 verbose headers   via: '1.1 varnish',
65 verbose headers   'cache-control': 'max-age=60',
65 verbose headers   etag: '"4F9X7UJ00LLYKKNJG6RHV1DOR"',
65 verbose headers   age: '8',
65 verbose headers   connection: 'keep-alive',
65 verbose headers   'x-served-by': 'cache-sjc3132-SJC',
65 verbose headers   'x-cache': 'HIT',
65 verbose headers   'x-cache-hits': '1',
65 verbose headers   'x-timer': 'S1448881539.351698,VS0,VE0',
65 verbose headers   vary: 'Accept' }
66 silly get cb [ 304,
66 silly get   { date: 'Mon, 30 Nov 2015 11:05:39 GMT',
66 silly get     via: '1.1 varnish',
66 silly get     'cache-control': 'max-age=60',
66 silly get     etag: '"4F9X7UJ00LLYKKNJG6RHV1DOR"',
66 silly get     age: '8',
66 silly get     connection: 'keep-alive',
66 silly get     'x-served-by': 'cache-sjc3132-SJC',
66 silly get     'x-cache': 'HIT',
66 silly get     'x-cache-hits': '1',
66 silly get     'x-timer': 'S1448881539.351698,VS0,VE0',
66 silly get     vary: 'Accept' } ]
67 verbose etag http://registry.npmjs.org/fsevents from cache
68 verbose get saving fsevents to /home/seed/.npm/registry.npmjs.org/fsevents/.cache.json
69 silly resolveWithNewModule fsevents@1.0.5 checking installable status
70 warn install Couldn't install optional dependency: Unsupported
71 verbose install Error: Unsupported
71 verbose install     at checkPlatform (/usr/local/lib/node_modules/npm/node_modules/npm-install-checks/index.js:46:14)
71 verbose install     at Array.<anonymous> (/usr/local/lib/node_modules/npm/node_modules/slide/lib/bind-actor.js:15:8)
71 verbose install     at LOOP (/usr/local/lib/node_modules/npm/node_modules/slide/lib/chain.js:15:14)
71 verbose install     at /usr/local/lib/node_modules/npm/node_modules/slide/lib/chain.js:18:7
71 verbose install     at checkEngine (/usr/local/lib/node_modules/npm/node_modules/npm-install-checks/index.js:25:10)
71 verbose install     at Array.<anonymous> (/usr/local/lib/node_modules/npm/node_modules/slide/lib/bind-actor.js:15:8)
71 verbose install     at LOOP (/usr/local/lib/node_modules/npm/node_modules/slide/lib/chain.js:15:14)
71 verbose install     at chain (/usr/local/lib/node_modules/npm/node_modules/slide/lib/chain.js:20:5)
71 verbose install     at module.exports.isInstallable (/usr/local/lib/node_modules/npm/lib/install/validate-args.js:26:3)
71 verbose install     at resolveWithNewModule (/usr/local/lib/node_modules/npm/lib/install/deps.js:408:12)
72 silly loadAllDepsIntoIdealTree Finishing
73 silly idealTree:prePrune starter-node-angular@
73 silly idealTree:prePrune ├── abbrev@1.0.7
73 silly idealTree:prePrune ├── accepts@1.0.7
73 silly idealTree:prePrune ├── after@0.8.1
73 silly idealTree:prePrune ├── amdefine@1.0.0
73 silly idealTree:prePrune ├── ansi-green@0.1.1
73 silly idealTree:prePrune ├── ansi-wrap@0.1.0
73 silly idealTree:prePrune ├── anymatch@1.3.0
73 silly idealTree:prePrune ├── argparse@1.0.3
73 silly idealTree:prePrune ├── arr-diff@1.1.0
73 silly idealTree:prePrune ├── arr-flatten@1.0.1
73 silly idealTree:prePrune ├── array-slice@0.2.3
73 silly idealTree:prePrune ├── array-unique@0.2.1
73 silly idealTree:prePrune ├── arraybuffer.slice@0.0.6
73 silly idealTree:prePrune ├── arrify@1.0.0
73 silly idealTree:prePrune ├── asn1.js@2.2.1
73 silly idealTree:prePrune ├── async-each@0.1.6
73 silly idealTree:prePrune ├── async@0.2.10
73 silly idealTree:prePrune ├── backo2@1.0.2
73 silly idealTree:prePrune ├── balanced-match@0.2.1
73 silly idealTree:prePrune ├── base64-arraybuffer@0.1.2
73 silly idealTree:prePrune ├── base64-url@1.2.1
73 silly idealTree:prePrune ├── base64id@0.1.0
73 silly idealTree:prePrune ├─┬ base64url@1.0.5
73 silly idealTree:prePrune │ ├── get-stdin@4.0.1
73 silly idealTree:prePrune │ ├── indent-string@1.2.2
73 silly idealTree:prePrune │ ├── meow@2.0.0
73 silly idealTree:prePrune │ ├── minimist@1.2.0
73 silly idealTree:prePrune │ ├── object-assign@1.0.0
73 silly idealTree:prePrune │ └── repeating@1.1.3
73 silly idealTree:prePrune ├── basic-auth@1.0.3
73 silly idealTree:prePrune ├── batch@0.5.3
73 silly idealTree:prePrune ├── bcrypt-nodejs@0.0.3
73 silly idealTree:prePrune ├── benchmark@1.0.0
73 silly idealTree:prePrune ├── better-assert@1.0.2
73 silly idealTree:prePrune ├── binary-extensions@1.3.1
73 silly idealTree:prePrune ├── bindings@1.2.1
73 silly idealTree:prePrune ├── blob@0.0.4
73 silly idealTree:prePrune ├── bluebird@2.9.26
73 silly idealTree:prePrune ├── bn.js@2.2.0
73 silly idealTree:prePrune ├── body-parser@1.4.3
73 silly idealTree:prePrune ├── brace-expansion@1.1.1
73 silly idealTree:prePrune ├── braces@1.8.2
73 silly idealTree:prePrune ├── bson@0.2.22
73 silly idealTree:prePrune ├── buffer-crc32@0.2.3
73 silly idealTree:prePrune ├── buffer-equal-constant-time@1.0.1
73 silly idealTree:prePrune ├─┬ bufferutil@1.2.1
73 silly idealTree:prePrune │ └── nan@2.1.0
73 silly idealTree:prePrune ├── builtin-modules@1.1.0
73 silly idealTree:prePrune ├── bytes@1.0.0
73 silly idealTree:prePrune ├── callsite@1.0.0
73 silly idealTree:prePrune ├── camelcase-keys@1.0.0
73 silly idealTree:prePrune ├── camelcase@1.2.1
73 silly idealTree:prePrune ├── chokidar@1.2.0
73 silly idealTree:prePrune ├── client-session@0.1.7
73 silly idealTree:prePrune ├── colors@1.1.2
73 silly idealTree:prePrune ├── component-bind@1.0.0
73 silly idealTree:prePrune ├── component-emitter@1.1.2
73 silly idealTree:prePrune ├── component-inherit@0.0.3
73 silly idealTree:prePrune ├── concat-map@0.0.1
73 silly idealTree:prePrune ├─┬ concat-stream@1.4.10
73 silly idealTree:prePrune │ └── readable-stream@1.1.13
73 silly idealTree:prePrune ├─┬ connect@3.4.0
73 silly idealTree:prePrune │ ├── debug@2.2.0
73 silly idealTree:prePrune │ ├── escape-html@1.0.2
73 silly idealTree:prePrune │ ├── finalhandler@0.4.0
73 silly idealTree:prePrune │ ├── ms@0.7.1
73 silly idealTree:prePrune │ └── parseurl@1.3.0
73 silly idealTree:prePrune ├── content-type@1.0.1
73 silly idealTree:prePrune ├─┬ cookie-parser@1.4.0
73 silly idealTree:prePrune │ ├── cookie-signature@1.0.6
73 silly idealTree:prePrune │ └── cookie@0.2.2
73 silly idealTree:prePrune ├── cookie-signature@1.0.4
73 silly idealTree:prePrune ├── cookie@0.1.2
73 silly idealTree:prePrune ├── core-js@1.2.6
73 silly idealTree:prePrune ├── core-util-is@1.0.1
73 silly idealTree:prePrune ├── crc@3.3.0
73 silly idealTree:prePrune ├── custom-event@1.0.0
73 silly idealTree:prePrune ├── dateformat@1.0.11
73 silly idealTree:prePrune ├── debug@1.0.2
73 silly idealTree:prePrune ├── decamelize@1.1.1
73 silly idealTree:prePrune ├── deep-is@0.1.3
73 silly idealTree:prePrune ├── depd@0.3.0
73 silly idealTree:prePrune ├── di@0.0.1
73 silly idealTree:prePrune ├── dom-serialize@2.2.1
73 silly idealTree:prePrune ├── ecdsa-sig-formatter@1.0.2
73 silly idealTree:prePrune ├── ee-first@1.0.3
73 silly idealTree:prePrune ├─┬ engine.io-client@1.5.4
73 silly idealTree:prePrune │ ├── debug@1.0.4
73 silly idealTree:prePrune │ └── parseuri@0.0.4
73 silly idealTree:prePrune ├── engine.io-parser@1.2.2
73 silly idealTree:prePrune ├─┬ engine.io@1.5.4
73 silly idealTree:prePrune │ └── debug@1.0.3
73 silly idealTree:prePrune ├── ent@2.2.0
73 silly idealTree:prePrune ├── error-ex@1.3.0
73 silly idealTree:prePrune ├── es6-promise@2.1.1
73 silly idealTree:prePrune ├── escape-html@1.0.1
73 silly idealTree:prePrune ├─┬ escodegen@1.7.0
73 silly idealTree:prePrune │ ├── esprima@1.2.5
73 silly idealTree:prePrune │ └── source-map@0.2.0
73 silly idealTree:prePrune ├── esprima@2.5.0
73 silly idealTree:prePrune ├── estraverse@1.9.3
73 silly idealTree:prePrune ├── esutils@2.0.2
73 silly idealTree:prePrune ├── eventemitter3@1.1.1
73 silly idealTree:prePrune ├─┬ expand-braces@0.1.2
73 silly idealTree:prePrune │ ├── braces@0.1.5
73 silly idealTree:prePrune │ ├── expand-range@0.1.1
73 silly idealTree:prePrune │ ├── is-number@0.1.1
73 silly idealTree:prePrune │ └── repeat-string@0.2.2
73 silly idealTree:prePrune ├── expand-brackets@0.1.4
73 silly idealTree:prePrune ├── expand-range@1.8.1
73 silly idealTree:prePrune ├─┬ express-session@1.12.1
73 silly idealTree:prePrune │ ├── cookie-signature@1.0.6
73 silly idealTree:prePrune │ ├── cookie@0.2.3
73 silly idealTree:prePrune │ ├── debug@2.2.0
73 silly idealTree:prePrune │ ├── depd@1.1.0
73 silly idealTree:prePrune │ ├── ms@0.7.1
73 silly idealTree:prePrune │ └── parseurl@1.3.0
73 silly idealTree:prePrune ├─┬ express@4.5.1
73 silly idealTree:prePrune │ ├── mime-types@1.0.2
73 silly idealTree:prePrune │ └── type-is@1.3.2
73 silly idealTree:prePrune ├── extend@3.0.0
73 silly idealTree:prePrune ├── extglob@0.3.1
73 silly idealTree:prePrune ├── fast-levenshtein@1.0.7
73 silly idealTree:prePrune ├── filename-regex@2.0.0
73 silly idealTree:prePrune ├─┬ fileset@0.2.1
73 silly idealTree:prePrune │ └── minimatch@2.0.10
73 silly idealTree:prePrune ├── fill-range@2.2.2
73 silly idealTree:prePrune ├── finalhandler@0.0.2
73 silly idealTree:prePrune ├── find-up@1.1.0
73 silly idealTree:prePrune ├── finished@1.2.2
73 silly idealTree:prePrune ├── for-in@0.1.4
73 silly idealTree:prePrune ├── for-own@0.1.3
73 silly idealTree:prePrune ├── fresh@0.2.2
73 silly idealTree:prePrune ├── get-stdin@5.0.1
73 silly idealTree:prePrune ├── glob-base@0.3.0
73 silly idealTree:prePrune ├── glob-parent@2.0.0
73 silly idealTree:prePrune ├── glob@5.0.15
73 silly idealTree:prePrune ├── global@2.0.1
73 silly idealTree:prePrune ├── graceful-fs@4.1.2
73 silly idealTree:prePrune ├─┬ handlebars@4.0.4
73 silly idealTree:prePrune │ ├── async@1.5.0
73 silly idealTree:prePrune │ └── source-map@0.4.4
73 silly idealTree:prePrune ├── has-binary-data@0.1.3
73 silly idealTree:prePrune ├── has-binary@0.1.6
73 silly idealTree:prePrune ├── has-cors@1.0.3
73 silly idealTree:prePrune ├── has-flag@1.0.0
73 silly idealTree:prePrune ├── hooks@0.2.1
73 silly idealTree:prePrune ├── hosted-git-info@2.1.4
73 silly idealTree:prePrune ├── http-errors@1.3.1
73 silly idealTree:prePrune ├── http-proxy@1.12.0
73 silly idealTree:prePrune ├── iconv-lite@0.4.3
73 silly idealTree:prePrune ├── indent-string@2.1.0
73 silly idealTree:prePrune ├── indexof@0.0.1
73 silly idealTree:prePrune ├── inflight@1.0.4
73 silly idealTree:prePrune ├── inherits@2.0.1
73 silly idealTree:prePrune ├── ipaddr.js@0.1.2
73 silly idealTree:prePrune ├── is-absolute@0.1.7
73 silly idealTree:prePrune ├── is-arrayish@0.2.1
73 silly idealTree:prePrune ├── is-binary-path@1.0.1
73 silly idealTree:prePrune ├── is-buffer@1.1.0
73 silly idealTree:prePrune ├── is-builtin-module@1.0.0
73 silly idealTree:prePrune ├── is-dotfile@1.0.2
73 silly idealTree:prePrune ├── is-equal-shallow@0.1.3
73 silly idealTree:prePrune ├── is-extendable@0.1.1
73 silly idealTree:prePrune ├── is-extglob@1.0.0
73 silly idealTree:prePrune ├── is-finite@1.0.1
73 silly idealTree:prePrune ├── is-glob@2.0.1
73 silly idealTree:prePrune ├── is-number@1.1.2
73 silly idealTree:prePrune ├── is-primitive@2.0.0
73 silly idealTree:prePrune ├── is-relative@0.1.3
73 silly idealTree:prePrune ├── is-utf8@0.2.0
73 silly idealTree:prePrune ├── isarray@0.0.1
73 silly idealTree:prePrune ├── isobject@1.0.2
73 silly idealTree:prePrune ├─┬ istanbul@0.4.0
73 silly idealTree:prePrune │ ├── async@1.5.0
73 silly idealTree:prePrune │ └── wordwrap@1.0.0
73 silly idealTree:prePrune ├── jasmine-core@2.3.4
73 silly idealTree:prePrune ├─┬ js-yaml@3.4.3
73 silly idealTree:prePrune │ └── esprima@2.7.0
73 silly idealTree:prePrune ├── json3@3.2.6
73 silly idealTree:prePrune ├─┬ jsonwebtoken@5.4.1
73 silly idealTree:prePrune │ └── ms@0.7.1
73 silly idealTree:prePrune ├─┬ jwa@1.1.1
73 silly idealTree:prePrune │ └── base64url@0.0.6
73 silly idealTree:prePrune ├── jws@3.1.0
73 silly idealTree:prePrune ├── karma-coverage@0.5.3
73 silly idealTree:prePrune ├── karma-jasmine@0.3.6
73 silly idealTree:prePrune ├─┬ karma@0.13.15
73 silly idealTree:prePrune │ ├── bluebird@2.10.2
73 silly idealTree:prePrune │ ├── body-parser@1.14.1
73 silly idealTree:prePrune │ ├── bytes@2.1.0
73 silly idealTree:prePrune │ ├── debug@2.2.0
73 silly idealTree:prePrune │ ├── depd@1.1.0
73 silly idealTree:prePrune │ ├── iconv-lite@0.4.12
73 silly idealTree:prePrune │ ├── media-typer@0.3.0
73 silly idealTree:prePrune │ ├── mime-types@2.1.7
73 silly idealTree:prePrune │ ├── mime@1.3.4
73 silly idealTree:prePrune │ ├── ms@0.7.1
73 silly idealTree:prePrune │ ├── qs@5.1.0
73 silly idealTree:prePrune │ ├── raw-body@2.1.4
73 silly idealTree:prePrune │ └── type-is@1.6.9
73 silly idealTree:prePrune ├── kerberos@0.0.11
73 silly idealTree:prePrune ├── kind-of@2.0.1
73 silly idealTree:prePrune ├── lazy-cache@0.2.4
73 silly idealTree:prePrune ├── levn@0.2.5
73 silly idealTree:prePrune ├── load-json-file@1.1.0
73 silly idealTree:prePrune ├── lodash._baseflatten@3.1.4
73 silly idealTree:prePrune ├── lodash._isiterateecall@3.0.9
73 silly idealTree:prePrune ├── lodash.flatten@3.0.2
73 silly idealTree:prePrune ├── lodash.isarguments@3.0.4
73 silly idealTree:prePrune ├── lodash.isarray@3.0.4
73 silly idealTree:prePrune ├── lodash@3.10.1
73 silly idealTree:prePrune ├─┬ log4js@0.6.27
73 silly idealTree:prePrune │ └── readable-stream@1.0.33
73 silly idealTree:prePrune ├── loud-rejection@1.2.0
73 silly idealTree:prePrune ├── lru-cache@2.2.4
73 silly idealTree:prePrune ├── map-obj@1.0.1
73 silly idealTree:prePrune ├── media-typer@0.2.0
73 silly idealTree:prePrune ├─┬ meow@3.5.0
73 silly idealTree:prePrune │ └── minimist@1.2.0
73 silly idealTree:prePrune ├── merge-descriptors@0.0.2
73 silly idealTree:prePrune ├── method-override@2.0.2
73 silly idealTree:prePrune ├── methods@1.0.1
73 silly idealTree:prePrune ├── micromatch@2.3.2
73 silly idealTree:prePrune ├── mime-db@1.19.0
73 silly idealTree:prePrune ├── mime-types@1.0.0
73 silly idealTree:prePrune ├── mime@1.2.11
73 silly idealTree:prePrune ├── minimalistic-assert@1.0.0
73 silly idealTree:prePrune ├── minimatch@3.0.0
73 silly idealTree:prePrune ├── minimist@0.0.10
73 silly idealTree:prePrune ├─┬ mkdirp@0.5.1
73 silly idealTree:prePrune │ └── minimist@0.0.8
73 silly idealTree:prePrune ├─┬ mongodb-core@1.2.24
73 silly idealTree:prePrune │ └── bson@0.4.19
73 silly idealTree:prePrune ├─┬ mongodb@2.0.49
73 silly idealTree:prePrune │ └── readable-stream@1.0.31
73 silly idealTree:prePrune ├─┬ mongoose@3.8.37
73 silly idealTree:prePrune │ ├── mongodb@1.4.38
73 silly idealTree:prePrune │ └── ms@0.1.0
73 silly idealTree:prePrune ├─┬ morgan@1.6.1
73 silly idealTree:prePrune │ ├── debug@2.2.0
73 silly idealTree:prePrune │ ├── depd@1.0.1
73 silly idealTree:prePrune │ └── ms@0.7.1
73 silly idealTree:prePrune ├── mpath@0.1.1
73 silly idealTree:prePrune ├── mpromise@0.4.3
73 silly idealTree:prePrune ├─┬ mquery@1.6.1
73 silly idealTree:prePrune │ ├── debug@2.2.0
73 silly idealTree:prePrune │ └── ms@0.7.1
73 silly idealTree:prePrune ├── ms@0.6.2
73 silly idealTree:prePrune ├── muri@1.1.0
73 silly idealTree:prePrune ├── nan@1.8.4
73 silly idealTree:prePrune ├── negotiator@0.4.7
73 silly idealTree:prePrune ├── nopt@3.0.6
73 silly idealTree:prePrune ├── normalize-package-data@2.3.5
73 silly idealTree:prePrune ├── normalize-path@2.0.0
73 silly idealTree:prePrune ├── number-is-nan@1.0.0
73 silly idealTree:prePrune ├── object-assign@4.0.1
73 silly idealTree:prePrune ├── object-component@0.0.3
73 silly idealTree:prePrune ├── object-keys@1.0.1
73 silly idealTree:prePrune ├── object.omit@2.0.0
73 silly idealTree:prePrune ├─┬ on-finished@2.3.0
73 silly idealTree:prePrune │ └── ee-first@1.1.1
73 silly idealTree:prePrune ├── on-headers@1.0.1
73 silly idealTree:prePrune ├── once@1.3.2
73 silly idealTree:prePrune ├── optimist@0.6.1
73 silly idealTree:prePrune ├── optionator@0.5.0
73 silly idealTree:prePrune ├── options@0.0.6
73 silly idealTree:prePrune ├── parse-glob@3.0.4
73 silly idealTree:prePrune ├── parse-json@2.2.0
73 silly idealTree:prePrune ├── parsejson@0.0.1
73 silly idealTree:prePrune ├── parseqs@0.0.2
73 silly idealTree:prePrune ├── parseuri@0.0.2
73 silly idealTree:prePrune ├── parseurl@1.0.1
73 silly idealTree:prePrune ├── passport-local@1.0.0
73 silly idealTree:prePrune ├── passport-strategy@1.0.0
73 silly idealTree:prePrune ├── passport@0.3.2
73 silly idealTree:prePrune ├── path-exists@2.1.0
73 silly idealTree:prePrune ├── path-is-absolute@1.0.0
73 silly idealTree:prePrune ├── path-to-regexp@0.1.2
73 silly idealTree:prePrune ├── path-type@1.1.0
73 silly idealTree:prePrune ├── pause@0.0.1
73 silly idealTree:prePrune ├── pify@2.3.0
73 silly idealTree:prePrune ├── pinkie-promise@2.0.0
73 silly idealTree:prePrune ├── pinkie@2.0.0
73 silly idealTree:prePrune ├── prelude-ls@1.1.2
73 silly idealTree:prePrune ├── preserve@0.2.0
73 silly idealTree:prePrune ├── process-nextick-args@1.0.3
73 silly idealTree:prePrune ├── proxy-addr@1.0.1
73 silly idealTree:prePrune ├── qs@0.6.6
73 silly idealTree:prePrune ├─┬ randomatic@1.1.3
73 silly idealTree:prePrune │ └─┬ is-number@2.0.2
73 silly idealTree:prePrune │   └── kind-of@1.1.0
73 silly idealTree:prePrune ├── range-parser@1.0.0
73 silly idealTree:prePrune ├── raw-body@1.2.2
73 silly idealTree:prePrune ├── read-pkg-up@1.0.1
73 silly idealTree:prePrune ├── read-pkg@1.1.0
73 silly idealTree:prePrune ├── readable-stream@2.0.4
73 silly idealTree:prePrune ├─┬ readdirp@2.0.0
73 silly idealTree:prePrune │ └── minimatch@2.0.10
73 silly idealTree:prePrune ├── redent@1.0.0
73 silly idealTree:prePrune ├── regex-cache@0.4.2
73 silly idealTree:prePrune ├── regexp-clone@0.0.1
73 silly idealTree:prePrune ├── repeat-element@1.1.2
73 silly idealTree:prePrune ├── repeat-string@1.5.2
73 silly idealTree:prePrune ├── repeating@2.0.0
73 silly idealTree:prePrune ├── requires-port@0.0.1
73 silly idealTree:prePrune ├── resolve@1.1.6
73 silly idealTree:prePrune ├── rimraf@2.4.3
73 silly idealTree:prePrune ├── semver@4.3.6
73 silly idealTree:prePrune ├── send@0.5.0
73 silly idealTree:prePrune ├─┬ serve-static@1.3.2
73 silly idealTree:prePrune │ ├── debug@1.0.3
73 silly idealTree:prePrune │ ├── parseurl@1.1.3
73 silly idealTree:prePrune │ └── send@0.6.0
73 silly idealTree:prePrune ├── signal-exit@2.1.2
73 silly idealTree:prePrune ├── sliced@0.0.5
73 silly idealTree:prePrune ├─┬ socket.io-adapter@0.3.1
73 silly idealTree:prePrune │ └─┬ socket.io-parser@2.2.2
73 silly idealTree:prePrune │   └── debug@0.7.4
73 silly idealTree:prePrune ├─┬ socket.io-client@1.3.7
73 silly idealTree:prePrune │ └── debug@0.7.4
73 silly idealTree:prePrune ├─┬ socket.io-parser@2.2.4
73 silly idealTree:prePrune │ └── debug@0.7.4
73 silly idealTree:prePrune ├─┬ socket.io@1.3.7
73 silly idealTree:prePrune │ └── debug@2.1.0
73 silly idealTree:prePrune ├── source-map@0.5.3
73 silly idealTree:prePrune ├── spdx-correct@1.0.2
73 silly idealTree:prePrune ├── spdx-exceptions@1.0.4
73 silly idealTree:prePrune ├── spdx-expression-parse@1.0.1
73 silly idealTree:prePrune ├── spdx-license-ids@1.1.0
73 silly idealTree:prePrune ├── sprintf-js@1.0.3
73 silly idealTree:prePrune ├── statuses@1.2.1
73 silly idealTree:prePrune ├── string_decoder@0.10.31
73 silly idealTree:prePrune ├── strip-bom@2.0.0
73 silly idealTree:prePrune ├─┬ strip-indent@1.0.1
73 silly idealTree:prePrune │ └── get-stdin@4.0.1
73 silly idealTree:prePrune ├── success-symbol@0.1.0
73 silly idealTree:prePrune ├── supports-color@3.1.2
73 silly idealTree:prePrune ├── to-array@0.1.3
73 silly idealTree:prePrune ├── trim-newlines@1.0.0
73 silly idealTree:prePrune ├── type-check@0.3.1
73 silly idealTree:prePrune ├── type-is@1.3.1
73 silly idealTree:prePrune ├── typedarray@0.0.6
73 silly idealTree:prePrune ├─┬ uglify-js@2.4.24
73 silly idealTree:prePrune │ └── source-map@0.1.34
73 silly idealTree:prePrune ├── uglify-to-browserify@1.0.2
73 silly idealTree:prePrune ├── uid-safe@2.0.0
73 silly idealTree:prePrune ├── ultron@1.0.2
73 silly idealTree:prePrune ├── underscore@1.8.2
73 silly idealTree:prePrune ├── unpipe@1.0.0
73 silly idealTree:prePrune ├── useragent@2.1.7
73 silly idealTree:prePrune ├─┬ utf-8-validate@1.2.1
73 silly idealTree:prePrune │ └── nan@2.1.0
73 silly idealTree:prePrune ├── utf8@2.1.0
73 silly idealTree:prePrune ├── util-deprecate@1.0.2
73 silly idealTree:prePrune ├── utils-merge@1.0.0
73 silly idealTree:prePrune ├── validate-npm-package-license@3.0.1
73 silly idealTree:prePrune ├── vary@0.1.0
73 silly idealTree:prePrune ├── void-elements@2.0.1
73 silly idealTree:prePrune ├── which@1.2.0
73 silly idealTree:prePrune ├── window-size@0.1.0
73 silly idealTree:prePrune ├── wordwrap@0.0.3
73 silly idealTree:prePrune ├── wrappy@1.0.1
73 silly idealTree:prePrune ├── ws@0.8.0
73 silly idealTree:prePrune ├── xmlhttprequest@1.5.0
73 silly idealTree:prePrune └─┬ yargs@3.5.4
73 silly idealTree:prePrune   └── wordwrap@0.0.2
74 silly loadIdealTree Finishing
75 silly currentTree starter-node-angular@
75 silly currentTree ├── abbrev@1.0.7
75 silly currentTree ├── accepts@1.0.7
75 silly currentTree ├── after@0.8.1
75 silly currentTree ├── amdefine@1.0.0
75 silly currentTree ├── ansi-green@0.1.1
75 silly currentTree ├── ansi-wrap@0.1.0
75 silly currentTree ├── anymatch@1.3.0
75 silly currentTree ├── argparse@1.0.3
75 silly currentTree ├── arr-diff@1.1.0
75 silly currentTree ├── arr-flatten@1.0.1
75 silly currentTree ├── array-slice@0.2.3
75 silly currentTree ├── array-unique@0.2.1
75 silly currentTree ├── arraybuffer.slice@0.0.6
75 silly currentTree ├── arrify@1.0.0
75 silly currentTree ├── asn1.js@2.2.1
75 silly currentTree ├── async-each@0.1.6
75 silly currentTree ├── async@0.2.10
75 silly currentTree ├── backo2@1.0.2
75 silly currentTree ├── balanced-match@0.2.1
75 silly currentTree ├── base64-arraybuffer@0.1.2
75 silly currentTree ├── base64-url@1.2.1
75 silly currentTree ├── base64id@0.1.0
75 silly currentTree ├─┬ base64url@1.0.5
75 silly currentTree │ ├── get-stdin@4.0.1
75 silly currentTree │ ├── indent-string@1.2.2
75 silly currentTree │ ├── meow@2.0.0
75 silly currentTree │ ├── minimist@1.2.0
75 silly currentTree │ ├── object-assign@1.0.0
75 silly currentTree │ └── repeating@1.1.3
75 silly currentTree ├── basic-auth@1.0.3
75 silly currentTree ├── batch@0.5.3
75 silly currentTree ├── bcrypt-nodejs@0.0.3
75 silly currentTree ├── benchmark@1.0.0
75 silly currentTree ├── better-assert@1.0.2
75 silly currentTree ├── binary-extensions@1.3.1
75 silly currentTree ├── bindings@1.2.1
75 silly currentTree ├── blob@0.0.4
75 silly currentTree ├── bluebird@2.9.26
75 silly currentTree ├── bn.js@2.2.0
75 silly currentTree ├── body-parser@1.4.3
75 silly currentTree ├── brace-expansion@1.1.1
75 silly currentTree ├── braces@1.8.2
75 silly currentTree ├── bson@0.2.22
75 silly currentTree ├── buffer-crc32@0.2.3
75 silly currentTree ├── buffer-equal-constant-time@1.0.1
75 silly currentTree ├─┬ bufferutil@1.2.1
75 silly currentTree │ └── nan@2.1.0
75 silly currentTree ├── builtin-modules@1.1.0
75 silly currentTree ├── bytes@1.0.0
75 silly currentTree ├── callsite@1.0.0
75 silly currentTree ├── camelcase-keys@1.0.0
75 silly currentTree ├── camelcase@1.2.1
75 silly currentTree ├── chokidar@1.2.0
75 silly currentTree ├── colors@1.1.2
75 silly currentTree ├── component-bind@1.0.0
75 silly currentTree ├── component-emitter@1.1.2
75 silly currentTree ├── component-inherit@0.0.3
75 silly currentTree ├── concat-map@0.0.1
75 silly currentTree ├─┬ concat-stream@1.4.10
75 silly currentTree │ └── readable-stream@1.1.13
75 silly currentTree ├─┬ connect@3.4.0
75 silly currentTree │ ├── debug@2.2.0
75 silly currentTree │ ├── escape-html@1.0.2
75 silly currentTree │ ├── finalhandler@0.4.0
75 silly currentTree │ ├── ms@0.7.1
75 silly currentTree │ └── parseurl@1.3.0
75 silly currentTree ├── content-type@1.0.1
75 silly currentTree ├─┬ cookie-parser@1.4.0
75 silly currentTree │ ├── cookie-signature@1.0.6
75 silly currentTree │ └── cookie@0.2.2
75 silly currentTree ├── cookie-signature@1.0.4
75 silly currentTree ├── cookie@0.1.2
75 silly currentTree ├── core-js@1.2.6
75 silly currentTree ├── core-util-is@1.0.1
75 silly currentTree ├── crc@3.3.0
75 silly currentTree ├── custom-event@1.0.0
75 silly currentTree ├── dateformat@1.0.11
75 silly currentTree ├── debug@1.0.2
75 silly currentTree ├── decamelize@1.1.1
75 silly currentTree ├── deep-is@0.1.3
75 silly currentTree ├── depd@0.3.0
75 silly currentTree ├── di@0.0.1
75 silly currentTree ├── dom-serialize@2.2.1
75 silly currentTree ├── ecdsa-sig-formatter@1.0.2
75 silly currentTree ├── ee-first@1.0.3
75 silly currentTree ├─┬ engine.io-client@1.5.4
75 silly currentTree │ ├── debug@1.0.4
75 silly currentTree │ └── parseuri@0.0.4
75 silly currentTree ├── engine.io-parser@1.2.2
75 silly currentTree ├─┬ engine.io@1.5.4
75 silly currentTree │ └── debug@1.0.3
75 silly currentTree ├── ent@2.2.0
75 silly currentTree ├── error-ex@1.3.0
75 silly currentTree ├── es6-promise@2.1.1
75 silly currentTree ├── escape-html@1.0.1
75 silly currentTree ├─┬ escodegen@1.7.0
75 silly currentTree │ ├── esprima@1.2.5
75 silly currentTree │ └── source-map@0.2.0
75 silly currentTree ├── esprima@2.5.0
75 silly currentTree ├── estraverse@1.9.3
75 silly currentTree ├── esutils@2.0.2
75 silly currentTree ├── eventemitter3@1.1.1
75 silly currentTree ├─┬ expand-braces@0.1.2
75 silly currentTree │ ├── braces@0.1.5
75 silly currentTree │ ├── expand-range@0.1.1
75 silly currentTree │ ├── is-number@0.1.1
75 silly currentTree │ └── repeat-string@0.2.2
75 silly currentTree ├── expand-brackets@0.1.4
75 silly currentTree ├── expand-range@1.8.1
75 silly currentTree ├─┬ express-session@1.12.1
75 silly currentTree │ ├── cookie-signature@1.0.6
75 silly currentTree │ ├── cookie@0.2.3
75 silly currentTree │ ├── debug@2.2.0
75 silly currentTree │ ├── depd@1.1.0
75 silly currentTree │ ├── ms@0.7.1
75 silly currentTree │ └── parseurl@1.3.0
75 silly currentTree ├─┬ express@4.5.1
75 silly currentTree │ ├── mime-types@1.0.2
75 silly currentTree │ └── type-is@1.3.2
75 silly currentTree ├── extend@3.0.0
75 silly currentTree ├── extglob@0.3.1
75 silly currentTree ├── fast-levenshtein@1.0.7
75 silly currentTree ├── filename-regex@2.0.0
75 silly currentTree ├─┬ fileset@0.2.1
75 silly currentTree │ └── minimatch@2.0.10
75 silly currentTree ├── fill-range@2.2.2
75 silly currentTree ├── finalhandler@0.0.2
75 silly currentTree ├── find-up@1.1.0
75 silly currentTree ├── finished@1.2.2
75 silly currentTree ├── for-in@0.1.4
75 silly currentTree ├── for-own@0.1.3
75 silly currentTree ├── fresh@0.2.2
75 silly currentTree ├── get-stdin@5.0.1
75 silly currentTree ├── glob-base@0.3.0
75 silly currentTree ├── glob-parent@2.0.0
75 silly currentTree ├── glob@5.0.15
75 silly currentTree ├── global@2.0.1
75 silly currentTree ├── graceful-fs@4.1.2
75 silly currentTree ├─┬ handlebars@4.0.4
75 silly currentTree │ ├── async@1.5.0
75 silly currentTree │ └── source-map@0.4.4
75 silly currentTree ├── has-binary-data@0.1.3
75 silly currentTree ├── has-binary@0.1.6
75 silly currentTree ├── has-cors@1.0.3
75 silly currentTree ├── has-flag@1.0.0
75 silly currentTree ├── hooks@0.2.1
75 silly currentTree ├── hosted-git-info@2.1.4
75 silly currentTree ├── http-errors@1.3.1
75 silly currentTree ├── http-proxy@1.12.0
75 silly currentTree ├── iconv-lite@0.4.3
75 silly currentTree ├── indent-string@2.1.0
75 silly currentTree ├── indexof@0.0.1
75 silly currentTree ├── inflight@1.0.4
75 silly currentTree ├── inherits@2.0.1
75 silly currentTree ├── ipaddr.js@0.1.2
75 silly currentTree ├── is-absolute@0.1.7
75 silly currentTree ├── is-arrayish@0.2.1
75 silly currentTree ├── is-binary-path@1.0.1
75 silly currentTree ├── is-buffer@1.1.0
75 silly currentTree ├── is-builtin-module@1.0.0
75 silly currentTree ├── is-dotfile@1.0.2
75 silly currentTree ├── is-equal-shallow@0.1.3
75 silly currentTree ├── is-extendable@0.1.1
75 silly currentTree ├── is-extglob@1.0.0
75 silly currentTree ├── is-finite@1.0.1
75 silly currentTree ├── is-glob@2.0.1
75 silly currentTree ├── is-number@1.1.2
75 silly currentTree ├── is-primitive@2.0.0
75 silly currentTree ├── is-relative@0.1.3
75 silly currentTree ├── is-utf8@0.2.0
75 silly currentTree ├── isarray@0.0.1
75 silly currentTree ├── isobject@1.0.2
75 silly currentTree ├─┬ istanbul@0.4.0
75 silly currentTree │ ├── async@1.5.0
75 silly currentTree │ └── wordwrap@1.0.0
75 silly currentTree ├── jasmine-core@2.3.4
75 silly currentTree ├─┬ js-yaml@3.4.3
75 silly currentTree │ └── esprima@2.7.0
75 silly currentTree ├── json3@3.2.6
75 silly currentTree ├─┬ jsonwebtoken@5.4.1
75 silly currentTree │ └── ms@0.7.1
75 silly currentTree ├─┬ jwa@1.1.1
75 silly currentTree │ └── base64url@0.0.6
75 silly currentTree ├── jws@3.1.0
75 silly currentTree ├── karma-coverage@0.5.3
75 silly currentTree ├── karma-jasmine@0.3.6
75 silly currentTree ├─┬ karma@0.13.15
75 silly currentTree │ ├── bluebird@2.10.2
75 silly currentTree │ ├── body-parser@1.14.1
75 silly currentTree │ ├── bytes@2.1.0
75 silly currentTree │ ├── debug@2.2.0
75 silly currentTree │ ├── depd@1.1.0
75 silly currentTree │ ├── iconv-lite@0.4.12
75 silly currentTree │ ├── media-typer@0.3.0
75 silly currentTree │ ├── mime-types@2.1.7
75 silly currentTree │ ├── mime@1.3.4
75 silly currentTree │ ├── ms@0.7.1
75 silly currentTree │ ├── qs@5.1.0
75 silly currentTree │ ├── raw-body@2.1.4
75 silly currentTree │ └── type-is@1.6.9
75 silly currentTree ├── kerberos@0.0.11
75 silly currentTree ├── kind-of@2.0.1
75 silly currentTree ├── lazy-cache@0.2.4
75 silly currentTree ├── levn@0.2.5
75 silly currentTree ├── load-json-file@1.1.0
75 silly currentTree ├── lodash._baseflatten@3.1.4
75 silly currentTree ├── lodash._isiterateecall@3.0.9
75 silly currentTree ├── lodash.flatten@3.0.2
75 silly currentTree ├── lodash.isarguments@3.0.4
75 silly currentTree ├── lodash.isarray@3.0.4
75 silly currentTree ├── lodash@3.10.1
75 silly currentTree ├─┬ log4js@0.6.27
75 silly currentTree │ └── readable-stream@1.0.33
75 silly currentTree ├── loud-rejection@1.2.0
75 silly currentTree ├── lru-cache@2.2.4
75 silly currentTree ├── map-obj@1.0.1
75 silly currentTree ├── media-typer@0.2.0
75 silly currentTree ├─┬ meow@3.5.0
75 silly currentTree │ └── minimist@1.2.0
75 silly currentTree ├── merge-descriptors@0.0.2
75 silly currentTree ├── method-override@2.0.2
75 silly currentTree ├── methods@1.0.1
75 silly currentTree ├── micromatch@2.3.2
75 silly currentTree ├── mime-db@1.19.0
75 silly currentTree ├── mime-types@1.0.0
75 silly currentTree ├── mime@1.2.11
75 silly currentTree ├── minimalistic-assert@1.0.0
75 silly currentTree ├── minimatch@3.0.0
75 silly currentTree ├── minimist@0.0.10
75 silly currentTree ├─┬ mkdirp@0.5.1
75 silly currentTree │ └── minimist@0.0.8
75 silly currentTree ├─┬ mongodb-core@1.2.24
75 silly currentTree │ └── bson@0.4.19
75 silly currentTree ├─┬ mongodb@2.0.49
75 silly currentTree │ └── readable-stream@1.0.31
75 silly currentTree ├─┬ mongoose@3.8.37
75 silly currentTree │ ├── mongodb@1.4.38
75 silly currentTree │ └── ms@0.1.0
75 silly currentTree ├─┬ morgan@1.6.1
75 silly currentTree │ ├── debug@2.2.0
75 silly currentTree │ ├── depd@1.0.1
75 silly currentTree │ └── ms@0.7.1
75 silly currentTree ├── mpath@0.1.1
75 silly currentTree ├── mpromise@0.4.3
75 silly currentTree ├─┬ mquery@1.6.1
75 silly currentTree │ ├── debug@2.2.0
75 silly currentTree │ └── ms@0.7.1
75 silly currentTree ├── ms@0.6.2
75 silly currentTree ├── muri@1.1.0
75 silly currentTree ├── nan@1.8.4
75 silly currentTree ├── negotiator@0.4.7
75 silly currentTree ├── nopt@3.0.6
75 silly currentTree ├── normalize-package-data@2.3.5
75 silly currentTree ├── normalize-path@2.0.0
75 silly currentTree ├── number-is-nan@1.0.0
75 silly currentTree ├── object-assign@4.0.1
75 silly currentTree ├── object-component@0.0.3
75 silly currentTree ├── object-keys@1.0.1
75 silly currentTree ├── object.omit@2.0.0
75 silly currentTree ├─┬ on-finished@2.3.0
75 silly currentTree │ └── ee-first@1.1.1
75 silly currentTree ├── on-headers@1.0.1
75 silly currentTree ├── once@1.3.2
75 silly currentTree ├── optimist@0.6.1
75 silly currentTree ├── optionator@0.5.0
75 silly currentTree ├── options@0.0.6
75 silly currentTree ├── parse-glob@3.0.4
75 silly currentTree ├── parse-json@2.2.0
75 silly currentTree ├── parsejson@0.0.1
75 silly currentTree ├── parseqs@0.0.2
75 silly currentTree ├── parseuri@0.0.2
75 silly currentTree ├── parseurl@1.0.1
75 silly currentTree ├── passport-local@1.0.0
75 silly currentTree ├── passport-strategy@1.0.0
75 silly currentTree ├── passport@0.3.2
75 silly currentTree ├── path-exists@2.1.0
75 silly currentTree ├── path-is-absolute@1.0.0
75 silly currentTree ├── path-to-regexp@0.1.2
75 silly currentTree ├── path-type@1.1.0
75 silly currentTree ├── pause@0.0.1
75 silly currentTree ├── pify@2.3.0
75 silly currentTree ├── pinkie-promise@2.0.0
75 silly currentTree ├── pinkie@2.0.0
75 silly currentTree ├── prelude-ls@1.1.2
75 silly currentTree ├── preserve@0.2.0
75 silly currentTree ├── process-nextick-args@1.0.3
75 silly currentTree ├── proxy-addr@1.0.1
75 silly currentTree ├── qs@0.6.6
75 silly currentTree ├─┬ randomatic@1.1.3
75 silly currentTree │ └─┬ is-number@2.0.2
75 silly currentTree │   └── kind-of@1.1.0
75 silly currentTree ├── range-parser@1.0.0
75 silly currentTree ├── raw-body@1.2.2
75 silly currentTree ├── read-pkg-up@1.0.1
75 silly currentTree ├── read-pkg@1.1.0
75 silly currentTree ├── readable-stream@2.0.4
75 silly currentTree ├─┬ readdirp@2.0.0
75 silly currentTree │ └── minimatch@2.0.10
75 silly currentTree ├── redent@1.0.0
75 silly currentTree ├── regex-cache@0.4.2
75 silly currentTree ├── regexp-clone@0.0.1
75 silly currentTree ├── repeat-element@1.1.2
75 silly currentTree ├── repeat-string@1.5.2
75 silly currentTree ├── repeating@2.0.0
75 silly currentTree ├── requires-port@0.0.1
75 silly currentTree ├── resolve@1.1.6
75 silly currentTree ├── rimraf@2.4.3
75 silly currentTree ├── semver@4.3.6
75 silly currentTree ├── send@0.5.0
75 silly currentTree ├─┬ serve-static@1.3.2
75 silly currentTree │ ├── debug@1.0.3
75 silly currentTree │ ├── parseurl@1.1.3
75 silly currentTree │ └── send@0.6.0
75 silly currentTree ├── signal-exit@2.1.2
75 silly currentTree ├── sliced@0.0.5
75 silly currentTree ├─┬ socket.io-adapter@0.3.1
75 silly currentTree │ └─┬ socket.io-parser@2.2.2
75 silly currentTree │   └── debug@0.7.4
75 silly currentTree ├─┬ socket.io-client@1.3.7
75 silly currentTree │ └── debug@0.7.4
75 silly currentTree ├─┬ socket.io-parser@2.2.4
75 silly currentTree │ └── debug@0.7.4
75 silly currentTree ├─┬ socket.io@1.3.7
75 silly currentTree │ └── debug@2.1.0
75 silly currentTree ├── source-map@0.5.3
75 silly currentTree ├── spdx-correct@1.0.2
75 silly currentTree ├── spdx-exceptions@1.0.4
75 silly currentTree ├── spdx-expression-parse@1.0.1
75 silly currentTree ├── spdx-license-ids@1.1.0
75 silly currentTree ├── sprintf-js@1.0.3
75 silly currentTree ├── statuses@1.2.1
75 silly currentTree ├── string_decoder@0.10.31
75 silly currentTree ├── strip-bom@2.0.0
75 silly currentTree ├─┬ strip-indent@1.0.1
75 silly currentTree │ └── get-stdin@4.0.1
75 silly currentTree ├── success-symbol@0.1.0
75 silly currentTree ├── supports-color@3.1.2
75 silly currentTree ├── to-array@0.1.3
75 silly currentTree ├── trim-newlines@1.0.0
75 silly currentTree ├── type-check@0.3.1
75 silly currentTree ├── type-is@1.3.1
75 silly currentTree ├── typedarray@0.0.6
75 silly currentTree ├─┬ uglify-js@2.4.24
75 silly currentTree │ └── source-map@0.1.34
75 silly currentTree ├── uglify-to-browserify@1.0.2
75 silly currentTree ├── uid-safe@2.0.0
75 silly currentTree ├── ultron@1.0.2
75 silly currentTree ├── underscore@1.8.2
75 silly currentTree ├── unpipe@1.0.0
75 silly currentTree ├── useragent@2.1.7
75 silly currentTree ├─┬ utf-8-validate@1.2.1
75 silly currentTree │ └── nan@2.1.0
75 silly currentTree ├── utf8@2.1.0
75 silly currentTree ├── util-deprecate@1.0.2
75 silly currentTree ├── utils-merge@1.0.0
75 silly currentTree ├── validate-npm-package-license@3.0.1
75 silly currentTree ├── vary@0.1.0
75 silly currentTree ├── void-elements@2.0.1
75 silly currentTree ├── which@1.2.0
75 silly currentTree ├── window-size@0.1.0
75 silly currentTree ├── wordwrap@0.0.3
75 silly currentTree ├── wrappy@1.0.1
75 silly currentTree ├── ws@0.8.0
75 silly currentTree ├── xmlhttprequest@1.5.0
75 silly currentTree └─┬ yargs@3.5.4
75 silly currentTree   └── wordwrap@0.0.2
76 silly idealTree starter-node-angular@
76 silly idealTree ├── abbrev@1.0.7
76 silly idealTree ├── accepts@1.0.7
76 silly idealTree ├── after@0.8.1
76 silly idealTree ├── amdefine@1.0.0
76 silly idealTree ├── ansi-green@0.1.1
76 silly idealTree ├── ansi-wrap@0.1.0
76 silly idealTree ├── anymatch@1.3.0
76 silly idealTree ├── argparse@1.0.3
76 silly idealTree ├── arr-diff@1.1.0
76 silly idealTree ├── arr-flatten@1.0.1
76 silly idealTree ├── array-slice@0.2.3
76 silly idealTree ├── array-unique@0.2.1
76 silly idealTree ├── arraybuffer.slice@0.0.6
76 silly idealTree ├── arrify@1.0.0
76 silly idealTree ├── asn1.js@2.2.1
76 silly idealTree ├── async-each@0.1.6
76 silly idealTree ├── async@0.2.10
76 silly idealTree ├── backo2@1.0.2
76 silly idealTree ├── balanced-match@0.2.1
76 silly idealTree ├── base64-arraybuffer@0.1.2
76 silly idealTree ├── base64-url@1.2.1
76 silly idealTree ├── base64id@0.1.0
76 silly idealTree ├─┬ base64url@1.0.5
76 silly idealTree │ ├── get-stdin@4.0.1
76 silly idealTree │ ├── indent-string@1.2.2
76 silly idealTree │ ├── meow@2.0.0
76 silly idealTree │ ├── minimist@1.2.0
76 silly idealTree │ ├── object-assign@1.0.0
76 silly idealTree │ └── repeating@1.1.3
76 silly idealTree ├── basic-auth@1.0.3
76 silly idealTree ├── batch@0.5.3
76 silly idealTree ├── bcrypt-nodejs@0.0.3
76 silly idealTree ├── benchmark@1.0.0
76 silly idealTree ├── better-assert@1.0.2
76 silly idealTree ├── binary-extensions@1.3.1
76 silly idealTree ├── bindings@1.2.1
76 silly idealTree ├── blob@0.0.4
76 silly idealTree ├── bluebird@2.9.26
76 silly idealTree ├── bn.js@2.2.0
76 silly idealTree ├── body-parser@1.4.3
76 silly idealTree ├── brace-expansion@1.1.1
76 silly idealTree ├── braces@1.8.2
76 silly idealTree ├── bson@0.2.22
76 silly idealTree ├── buffer-crc32@0.2.3
76 silly idealTree ├── buffer-equal-constant-time@1.0.1
76 silly idealTree ├─┬ bufferutil@1.2.1
76 silly idealTree │ └── nan@2.1.0
76 silly idealTree ├── builtin-modules@1.1.0
76 silly idealTree ├── bytes@1.0.0
76 silly idealTree ├── callsite@1.0.0
76 silly idealTree ├── camelcase-keys@1.0.0
76 silly idealTree ├── camelcase@1.2.1
76 silly idealTree ├── chokidar@1.2.0
76 silly idealTree ├── client-session@0.1.7
76 silly idealTree ├── colors@1.1.2
76 silly idealTree ├── component-bind@1.0.0
76 silly idealTree ├── component-emitter@1.1.2
76 silly idealTree ├── component-inherit@0.0.3
76 silly idealTree ├── concat-map@0.0.1
76 silly idealTree ├─┬ concat-stream@1.4.10
76 silly idealTree │ └── readable-stream@1.1.13
76 silly idealTree ├─┬ connect@3.4.0
76 silly idealTree │ ├── debug@2.2.0
76 silly idealTree │ ├── escape-html@1.0.2
76 silly idealTree │ ├── finalhandler@0.4.0
76 silly idealTree │ ├── ms@0.7.1
76 silly idealTree │ └── parseurl@1.3.0
76 silly idealTree ├── content-type@1.0.1
76 silly idealTree ├─┬ cookie-parser@1.4.0
76 silly idealTree │ ├── cookie-signature@1.0.6
76 silly idealTree │ └── cookie@0.2.2
76 silly idealTree ├── cookie-signature@1.0.4
76 silly idealTree ├── cookie@0.1.2
76 silly idealTree ├── core-js@1.2.6
76 silly idealTree ├── core-util-is@1.0.1
76 silly idealTree ├── crc@3.3.0
76 silly idealTree ├── custom-event@1.0.0
76 silly idealTree ├── dateformat@1.0.11
76 silly idealTree ├── debug@1.0.2
76 silly idealTree ├── decamelize@1.1.1
76 silly idealTree ├── deep-is@0.1.3
76 silly idealTree ├── depd@0.3.0
76 silly idealTree ├── di@0.0.1
76 silly idealTree ├── dom-serialize@2.2.1
76 silly idealTree ├── ecdsa-sig-formatter@1.0.2
76 silly idealTree ├── ee-first@1.0.3
76 silly idealTree ├─┬ engine.io-client@1.5.4
76 silly idealTree │ ├── debug@1.0.4
76 silly idealTree │ └── parseuri@0.0.4
76 silly idealTree ├── engine.io-parser@1.2.2
76 silly idealTree ├─┬ engine.io@1.5.4
76 silly idealTree │ └── debug@1.0.3
76 silly idealTree ├── ent@2.2.0
76 silly idealTree ├── error-ex@1.3.0
76 silly idealTree ├── es6-promise@2.1.1
76 silly idealTree ├── escape-html@1.0.1
76 silly idealTree ├─┬ escodegen@1.7.0
76 silly idealTree │ ├── esprima@1.2.5
76 silly idealTree │ └── source-map@0.2.0
76 silly idealTree ├── esprima@2.5.0
76 silly idealTree ├── estraverse@1.9.3
76 silly idealTree ├── esutils@2.0.2
76 silly idealTree ├── eventemitter3@1.1.1
76 silly idealTree ├─┬ expand-braces@0.1.2
76 silly idealTree │ ├── braces@0.1.5
76 silly idealTree │ ├── expand-range@0.1.1
76 silly idealTree │ ├── is-number@0.1.1
76 silly idealTree │ └── repeat-string@0.2.2
76 silly idealTree ├── expand-brackets@0.1.4
76 silly idealTree ├── expand-range@1.8.1
76 silly idealTree ├─┬ express-session@1.12.1
76 silly idealTree │ ├── cookie-signature@1.0.6
76 silly idealTree │ ├── cookie@0.2.3
76 silly idealTree │ ├── debug@2.2.0
76 silly idealTree │ ├── depd@1.1.0
76 silly idealTree │ ├── ms@0.7.1
76 silly idealTree │ └── parseurl@1.3.0
76 silly idealTree ├─┬ express@4.5.1
76 silly idealTree │ ├── mime-types@1.0.2
76 silly idealTree │ └── type-is@1.3.2
76 silly idealTree ├── extend@3.0.0
76 silly idealTree ├── extglob@0.3.1
76 silly idealTree ├── fast-levenshtein@1.0.7
76 silly idealTree ├── filename-regex@2.0.0
76 silly idealTree ├─┬ fileset@0.2.1
76 silly idealTree │ └── minimatch@2.0.10
76 silly idealTree ├── fill-range@2.2.2
76 silly idealTree ├── finalhandler@0.0.2
76 silly idealTree ├── find-up@1.1.0
76 silly idealTree ├── finished@1.2.2
76 silly idealTree ├── for-in@0.1.4
76 silly idealTree ├── for-own@0.1.3
76 silly idealTree ├── fresh@0.2.2
76 silly idealTree ├── get-stdin@5.0.1
76 silly idealTree ├── glob-base@0.3.0
76 silly idealTree ├── glob-parent@2.0.0
76 silly idealTree ├── glob@5.0.15
76 silly idealTree ├── global@2.0.1
76 silly idealTree ├── graceful-fs@4.1.2
76 silly idealTree ├─┬ handlebars@4.0.4
76 silly idealTree │ ├── async@1.5.0
76 silly idealTree │ └── source-map@0.4.4
76 silly idealTree ├── has-binary-data@0.1.3
76 silly idealTree ├── has-binary@0.1.6
76 silly idealTree ├── has-cors@1.0.3
76 silly idealTree ├── has-flag@1.0.0
76 silly idealTree ├── hooks@0.2.1
76 silly idealTree ├── hosted-git-info@2.1.4
76 silly idealTree ├── http-errors@1.3.1
76 silly idealTree ├── http-proxy@1.12.0
76 silly idealTree ├── iconv-lite@0.4.3
76 silly idealTree ├── indent-string@2.1.0
76 silly idealTree ├── indexof@0.0.1
76 silly idealTree ├── inflight@1.0.4
76 silly idealTree ├── inherits@2.0.1
76 silly idealTree ├── ipaddr.js@0.1.2
76 silly idealTree ├── is-absolute@0.1.7
76 silly idealTree ├── is-arrayish@0.2.1
76 silly idealTree ├── is-binary-path@1.0.1
76 silly idealTree ├── is-buffer@1.1.0
76 silly idealTree ├── is-builtin-module@1.0.0
76 silly idealTree ├── is-dotfile@1.0.2
76 silly idealTree ├── is-equal-shallow@0.1.3
76 silly idealTree ├── is-extendable@0.1.1
76 silly idealTree ├── is-extglob@1.0.0
76 silly idealTree ├── is-finite@1.0.1
76 silly idealTree ├── is-glob@2.0.1
76 silly idealTree ├── is-number@1.1.2
76 silly idealTree ├── is-primitive@2.0.0
76 silly idealTree ├── is-relative@0.1.3
76 silly idealTree ├── is-utf8@0.2.0
76 silly idealTree ├── isarray@0.0.1
76 silly idealTree ├── isobject@1.0.2
76 silly idealTree ├─┬ istanbul@0.4.0
76 silly idealTree │ ├── async@1.5.0
76 silly idealTree │ └── wordwrap@1.0.0
76 silly idealTree ├── jasmine-core@2.3.4
76 silly idealTree ├─┬ js-yaml@3.4.3
76 silly idealTree │ └── esprima@2.7.0
76 silly idealTree ├── json3@3.2.6
76 silly idealTree ├─┬ jsonwebtoken@5.4.1
76 silly idealTree │ └── ms@0.7.1
76 silly idealTree ├─┬ jwa@1.1.1
76 silly idealTree │ └── base64url@0.0.6
76 silly idealTree ├── jws@3.1.0
76 silly idealTree ├── karma-coverage@0.5.3
76 silly idealTree ├── karma-jasmine@0.3.6
76 silly idealTree ├─┬ karma@0.13.15
76 silly idealTree │ ├── bluebird@2.10.2
76 silly idealTree │ ├── body-parser@1.14.1
76 silly idealTree │ ├── bytes@2.1.0
76 silly idealTree │ ├── debug@2.2.0
76 silly idealTree │ ├── depd@1.1.0
76 silly idealTree │ ├── iconv-lite@0.4.12
76 silly idealTree │ ├── media-typer@0.3.0
76 silly idealTree │ ├── mime-types@2.1.7
76 silly idealTree │ ├── mime@1.3.4
76 silly idealTree │ ├── ms@0.7.1
76 silly idealTree │ ├── qs@5.1.0
76 silly idealTree │ ├── raw-body@2.1.4
76 silly idealTree │ └── type-is@1.6.9
76 silly idealTree ├── kerberos@0.0.11
76 silly idealTree ├── kind-of@2.0.1
76 silly idealTree ├── lazy-cache@0.2.4
76 silly idealTree ├── levn@0.2.5
76 silly idealTree ├── load-json-file@1.1.0
76 silly idealTree ├── lodash._baseflatten@3.1.4
76 silly idealTree ├── lodash._isiterateecall@3.0.9
76 silly idealTree ├── lodash.flatten@3.0.2
76 silly idealTree ├── lodash.isarguments@3.0.4
76 silly idealTree ├── lodash.isarray@3.0.4
76 silly idealTree ├── lodash@3.10.1
76 silly idealTree ├─┬ log4js@0.6.27
76 silly idealTree │ └── readable-stream@1.0.33
76 silly idealTree ├── loud-rejection@1.2.0
76 silly idealTree ├── lru-cache@2.2.4
76 silly idealTree ├── map-obj@1.0.1
76 silly idealTree ├── media-typer@0.2.0
76 silly idealTree ├─┬ meow@3.5.0
76 silly idealTree │ └── minimist@1.2.0
76 silly idealTree ├── merge-descriptors@0.0.2
76 silly idealTree ├── method-override@2.0.2
76 silly idealTree ├── methods@1.0.1
76 silly idealTree ├── micromatch@2.3.2
76 silly idealTree ├── mime-db@1.19.0
76 silly idealTree ├── mime-types@1.0.0
76 silly idealTree ├── mime@1.2.11
76 silly idealTree ├── minimalistic-assert@1.0.0
76 silly idealTree ├── minimatch@3.0.0
76 silly idealTree ├── minimist@0.0.10
76 silly idealTree ├─┬ mkdirp@0.5.1
76 silly idealTree │ └── minimist@0.0.8
76 silly idealTree ├─┬ mongodb-core@1.2.24
76 silly idealTree │ └── bson@0.4.19
76 silly idealTree ├─┬ mongodb@2.0.49
76 silly idealTree │ └── readable-stream@1.0.31
76 silly idealTree ├─┬ mongoose@3.8.37
76 silly idealTree │ ├── mongodb@1.4.38
76 silly idealTree │ └── ms@0.1.0
76 silly idealTree ├─┬ morgan@1.6.1
76 silly idealTree │ ├── debug@2.2.0
76 silly idealTree │ ├── depd@1.0.1
76 silly idealTree │ └── ms@0.7.1
76 silly idealTree ├── mpath@0.1.1
76 silly idealTree ├── mpromise@0.4.3
76 silly idealTree ├─┬ mquery@1.6.1
76 silly idealTree │ ├── debug@2.2.0
76 silly idealTree │ └── ms@0.7.1
76 silly idealTree ├── ms@0.6.2
76 silly idealTree ├── muri@1.1.0
76 silly idealTree ├── nan@1.8.4
76 silly idealTree ├── negotiator@0.4.7
76 silly idealTree ├── nopt@3.0.6
76 silly idealTree ├── normalize-package-data@2.3.5
76 silly idealTree ├── normalize-path@2.0.0
76 silly idealTree ├── number-is-nan@1.0.0
76 silly idealTree ├── object-assign@4.0.1
76 silly idealTree ├── object-component@0.0.3
76 silly idealTree ├── object-keys@1.0.1
76 silly idealTree ├── object.omit@2.0.0
76 silly idealTree ├─┬ on-finished@2.3.0
76 silly idealTree │ └── ee-first@1.1.1
76 silly idealTree ├── on-headers@1.0.1
76 silly idealTree ├── once@1.3.2
76 silly idealTree ├── optimist@0.6.1
76 silly idealTree ├── optionator@0.5.0
76 silly idealTree ├── options@0.0.6
76 silly idealTree ├── parse-glob@3.0.4
76 silly idealTree ├── parse-json@2.2.0
76 silly idealTree ├── parsejson@0.0.1
76 silly idealTree ├── parseqs@0.0.2
76 silly idealTree ├── parseuri@0.0.2
76 silly idealTree ├── parseurl@1.0.1
76 silly idealTree ├── passport-local@1.0.0
76 silly idealTree ├── passport-strategy@1.0.0
76 silly idealTree ├── passport@0.3.2
76 silly idealTree ├── path-exists@2.1.0
76 silly idealTree ├── path-is-absolute@1.0.0
76 silly idealTree ├── path-to-regexp@0.1.2
76 silly idealTree ├── path-type@1.1.0
76 silly idealTree ├── pause@0.0.1
76 silly idealTree ├── pify@2.3.0
76 silly idealTree ├── pinkie-promise@2.0.0
76 silly idealTree ├── pinkie@2.0.0
76 silly idealTree ├── prelude-ls@1.1.2
76 silly idealTree ├── preserve@0.2.0
76 silly idealTree ├── process-nextick-args@1.0.3
76 silly idealTree ├── proxy-addr@1.0.1
76 silly idealTree ├── qs@0.6.6
76 silly idealTree ├─┬ randomatic@1.1.3
76 silly idealTree │ └─┬ is-number@2.0.2
76 silly idealTree │   └── kind-of@1.1.0
76 silly idealTree ├── range-parser@1.0.0
76 silly idealTree ├── raw-body@1.2.2
76 silly idealTree ├── read-pkg-up@1.0.1
76 silly idealTree ├── read-pkg@1.1.0
76 silly idealTree ├── readable-stream@2.0.4
76 silly idealTree ├─┬ readdirp@2.0.0
76 silly idealTree │ └── minimatch@2.0.10
76 silly idealTree ├── redent@1.0.0
76 silly idealTree ├── regex-cache@0.4.2
76 silly idealTree ├── regexp-clone@0.0.1
76 silly idealTree ├── repeat-element@1.1.2
76 silly idealTree ├── repeat-string@1.5.2
76 silly idealTree ├── repeating@2.0.0
76 silly idealTree ├── requires-port@0.0.1
76 silly idealTree ├── resolve@1.1.6
76 silly idealTree ├── rimraf@2.4.3
76 silly idealTree ├── semver@4.3.6
76 silly idealTree ├── send@0.5.0
76 silly idealTree ├─┬ serve-static@1.3.2
76 silly idealTree │ ├── debug@1.0.3
76 silly idealTree │ ├── parseurl@1.1.3
76 silly idealTree │ └── send@0.6.0
76 silly idealTree ├── signal-exit@2.1.2
76 silly idealTree ├── sliced@0.0.5
76 silly idealTree ├─┬ socket.io-adapter@0.3.1
76 silly idealTree │ └─┬ socket.io-parser@2.2.2
76 silly idealTree │   └── debug@0.7.4
76 silly idealTree ├─┬ socket.io-client@1.3.7
76 silly idealTree │ └── debug@0.7.4
76 silly idealTree ├─┬ socket.io-parser@2.2.4
76 silly idealTree │ └── debug@0.7.4
76 silly idealTree ├─┬ socket.io@1.3.7
76 silly idealTree │ └── debug@2.1.0
76 silly idealTree ├── source-map@0.5.3
76 silly idealTree ├── spdx-correct@1.0.2
76 silly idealTree ├── spdx-exceptions@1.0.4
76 silly idealTree ├── spdx-expression-parse@1.0.1
76 silly idealTree ├── spdx-license-ids@1.1.0
76 silly idealTree ├── sprintf-js@1.0.3
76 silly idealTree ├── statuses@1.2.1
76 silly idealTree ├── string_decoder@0.10.31
76 silly idealTree ├── strip-bom@2.0.0
76 silly idealTree ├─┬ strip-indent@1.0.1
76 silly idealTree │ └── get-stdin@4.0.1
76 silly idealTree ├── success-symbol@0.1.0
76 silly idealTree ├── supports-color@3.1.2
76 silly idealTree ├── to-array@0.1.3
76 silly idealTree ├── trim-newlines@1.0.0
76 silly idealTree ├── type-check@0.3.1
76 silly idealTree ├── type-is@1.3.1
76 silly idealTree ├── typedarray@0.0.6
76 silly idealTree ├─┬ uglify-js@2.4.24
76 silly idealTree │ └── source-map@0.1.34
76 silly idealTree ├── uglify-to-browserify@1.0.2
76 silly idealTree ├── uid-safe@2.0.0
76 silly idealTree ├── ultron@1.0.2
76 silly idealTree ├── underscore@1.8.2
76 silly idealTree ├── unpipe@1.0.0
76 silly idealTree ├── useragent@2.1.7
76 silly idealTree ├─┬ utf-8-validate@1.2.1
76 silly idealTree │ └── nan@2.1.0
76 silly idealTree ├── utf8@2.1.0
76 silly idealTree ├── util-deprecate@1.0.2
76 silly idealTree ├── utils-merge@1.0.0
76 silly idealTree ├── validate-npm-package-license@3.0.1
76 silly idealTree ├── vary@0.1.0
76 silly idealTree ├── void-elements@2.0.1
76 silly idealTree ├── which@1.2.0
76 silly idealTree ├── window-size@0.1.0
76 silly idealTree ├── wordwrap@0.0.3
76 silly idealTree ├── wrappy@1.0.1
76 silly idealTree ├── ws@0.8.0
76 silly idealTree ├── xmlhttprequest@1.5.0
76 silly idealTree └─┬ yargs@3.5.4
76 silly idealTree   └── wordwrap@0.0.2
77 silly generateActionsToTake Starting
78 silly install generateActionsToTake
79 silly generateActionsToTake Finishing
80 silly diffTrees action count 1
81 silly diffTrees add client-session@0.1.7
82 silly decomposeActions action count 8
83 silly decomposeActions fetch client-session@0.1.7
84 silly decomposeActions extract client-session@0.1.7
85 silly decomposeActions preinstall client-session@0.1.7
86 silly decomposeActions build client-session@0.1.7
87 silly decomposeActions install client-session@0.1.7
88 silly decomposeActions postinstall client-session@0.1.7
89 silly decomposeActions test client-session@0.1.7
90 silly decomposeActions finalize client-session@0.1.7
91 silly executeActions Starting
92 silly install executeActions
93 silly doSerial global-install 0
94 silly doParallel fetch 1
95 verbose lock using /home/seed/.npm/_locks/staging-d6faa95f0f429d3b.lock for /home/seed/HackSC/CS480VictoryLap/collabin/node_modules/.staging
96 silly doParallel extract 1
97 silly extract client-session
98 verbose unbuild node_modules/.staging/client-session-0d9011a94c9b01d02ca4c54ef9e1d02b
99 silly gentlyRm /home/seed/HackSC/CS480VictoryLap/collabin/node_modules/.staging/client-session-0d9011a94c9b01d02ca4c54ef9e1d02b is being purged from base /home/seed/HackSC/CS480VictoryLap/collabin
100 verbose gentlyRm don't care about contents; nuking /home/seed/HackSC/CS480VictoryLap/collabin/node_modules/.staging/client-session-0d9011a94c9b01d02ca4c54ef9e1d02b
101 verbose tar unpack /home/seed/.npm/client-session/0.1.7/package.tgz
102 verbose tar unpacking to /home/seed/HackSC/CS480VictoryLap/collabin/node_modules/.staging/client-session-0d9011a94c9b01d02ca4c54ef9e1d02b
103 silly gentlyRm /home/seed/HackSC/CS480VictoryLap/collabin/node_modules/.staging/client-session-0d9011a94c9b01d02ca4c54ef9e1d02b is being purged
104 verbose gentlyRm don't care about contents; nuking /home/seed/HackSC/CS480VictoryLap/collabin/node_modules/.staging/client-session-0d9011a94c9b01d02ca4c54ef9e1d02b
105 silly gunzTarPerm modes [ '775', '664' ]
106 silly gunzTarPerm extractEntry package.json
107 silly gunzTarPerm modified mode [ 'package.json', 438, 436 ]
108 silly gunzTarPerm extractEntry .npmignore
109 silly gunzTarPerm modified mode [ '.npmignore', 438, 436 ]
110 silly gunzTarPerm extractEntry README.md
111 silly gunzTarPerm modified mode [ 'README.md', 438, 436 ]
112 silly gunzTarPerm extractEntry index.js
113 silly gunzTarPerm modified mode [ 'index.js', 438, 436 ]
114 silly gunzTarPerm extractEntry binding.gyp
115 silly gunzTarPerm modified mode [ 'binding.gyp', 438, 436 ]
116 silly gunzTarPerm extractEntry example/multi_process_node.js
117 silly gunzTarPerm modified mode [ 'example/multi_process_node.js', 438, 436 ]
118 silly gunzTarPerm extractEntry example/one_process_express.js
119 silly gunzTarPerm modified mode [ 'example/one_process_express.js', 438, 436 ]
120 silly gunzTarPerm extractEntry example/one_process_node.js
121 silly gunzTarPerm modified mode [ 'example/one_process_node.js', 438, 436 ]
122 silly gunzTarPerm extractEntry example/redirect_node.js
123 silly gunzTarPerm modified mode [ 'example/redirect_node.js', 438, 436 ]
124 silly gunzTarPerm extractEntry example/simple.js
125 silly gunzTarPerm modified mode [ 'example/simple.js', 438, 436 ]
126 silly gunzTarPerm extractEntry example/simple_express.js
127 silly gunzTarPerm modified mode [ 'example/simple_express.js', 438, 436 ]
128 silly gunzTarPerm extractEntry example/1.txt
129 silly gunzTarPerm modified mode [ 'example/1.txt', 438, 436 ]
130 silly gunzTarPerm extractEntry .travis.yml
131 silly gunzTarPerm modified mode [ '.travis.yml', 438, 436 ]
132 silly gunzTarPerm extractEntry lib/client_session.js
133 silly gunzTarPerm modified mode [ 'lib/client_session.js', 438, 436 ]
134 silly gunzTarPerm extractEntry benchmark/benchmark_clinet_session_express.js
135 silly gunzTarPerm modified mode [ 'benchmark/benchmark_clinet_session_express.js', 438, 436 ]
136 silly gunzTarPerm extractEntry benchmark/benchmark_redis_session_express.js
137 silly gunzTarPerm modified mode [ 'benchmark/benchmark_redis_session_express.js', 438, 436 ]
138 silly gunzTarPerm extractEntry src/base64.cpp
139 silly gunzTarPerm modified mode [ 'src/base64.cpp', 438, 436 ]
140 silly gunzTarPerm extractEntry src/base64.h
141 silly gunzTarPerm modified mode [ 'src/base64.h', 438, 436 ]
142 silly gunzTarPerm extractEntry src/client_session_class.cpp
143 silly gunzTarPerm modified mode [ 'src/client_session_class.cpp', 438, 436 ]
144 silly gunzTarPerm extractEntry src/client_session_class.h
145 silly gunzTarPerm modified mode [ 'src/client_session_class.h', 438, 436 ]
146 silly gunzTarPerm extractEntry src/clientsession.cpp
147 silly gunzTarPerm modified mode [ 'src/clientsession.cpp', 438, 436 ]
148 silly gunzTarPerm extractEntry src/main.cpp
149 silly gunzTarPerm modified mode [ 'src/main.cpp', 438, 436 ]
150 silly gunzTarPerm extractEntry src/md5.cpp
151 silly gunzTarPerm modified mode [ 'src/md5.cpp', 438, 436 ]
152 silly gunzTarPerm extractEntry src/md5.h
153 silly gunzTarPerm modified mode [ 'src/md5.h', 438, 436 ]
154 silly gunzTarPerm extractEntry src/modp_base64/modp_b64.cc
155 silly gunzTarPerm modified mode [ 'src/modp_base64/modp_b64.cc', 438, 436 ]
156 silly gunzTarPerm extractEntry src/modp_base64/modp_b64.h
157 silly gunzTarPerm modified mode [ 'src/modp_base64/modp_b64.h', 438, 436 ]
158 silly gunzTarPerm extractEntry src/modp_base64/modp_b64_data.h
159 silly gunzTarPerm modified mode [ 'src/modp_base64/modp_b64_data.h', 438, 436 ]
160 silly gunzTarPerm extractEntry test/main.js
161 silly gunzTarPerm modified mode [ 'test/main.js', 438, 436 ]
162 silly gunzTarPerm extractEntry vendor.yml
163 silly gunzTarPerm modified mode [ 'vendor.yml', 438, 436 ]
164 silly doParallel preinstall 1
165 silly preinstall client-session /home/seed/HackSC/CS480VictoryLap/collabin/node_modules/.staging/client-session-0d9011a94c9b01d02ca4c54ef9e1d02b
166 info lifecycle client-session@0.1.7~preinstall: client-session@0.1.7
167 silly lifecycle client-session@0.1.7~preinstall: no script for preinstall, continuing
168 silly doReverseSerial remove 0
169 silly doSerial move 0
170 silly doSerial finalize 1
171 silly finalize /home/seed/HackSC/CS480VictoryLap/collabin/node_modules/client-session
172 silly doSerial build 1
173 silly build client-session
174 info linkStuff client-session@0.1.7
175 silly linkStuff client-session@0.1.7 has /home/seed/HackSC/CS480VictoryLap/collabin/node_modules as its parent node_modules
176 verbose linkBins client-session@0.1.7
177 verbose linkMans client-session@0.1.7
178 verbose rebuildBundles client-session@0.1.7
179 silly doSerial global-link 0
180 silly doParallel update-linked 0
181 silly doSerial install 1
182 silly install client-session /home/seed/HackSC/CS480VictoryLap/collabin/node_modules/.staging/client-session-0d9011a94c9b01d02ca4c54ef9e1d02b
183 info lifecycle client-session@0.1.7~install: client-session@0.1.7
184 verbose lifecycle client-session@0.1.7~install: unsafe-perm in lifecycle true
185 verbose lifecycle client-session@0.1.7~install: PATH: /usr/local/lib/node_modules/npm/bin/node-gyp-bin:/home/seed/HackSC/CS480VictoryLap/collabin/node_modules/client-session/node_modules/.bin:/home/seed/HackSC/CS480VictoryLap/collabin/node_modules/.bin:.:/usr/lib/lightdm/lightdm:/usr/local/sbin:/usr/local/bin:/usr/sbin:/usr/bin:/sbin:/bin:/usr/games
186 verbose lifecycle client-session@0.1.7~install: CWD: /home/seed/HackSC/CS480VictoryLap/collabin/node_modules/client-session
187 silly lifecycle client-session@0.1.7~install: Args: [ '-c', 'node-gyp rebuild' ]
188 silly lifecycle client-session@0.1.7~install: Returned: code: 1  signal: null
189 info lifecycle client-session@0.1.7~install: Failed to exec install script
190 verbose unlock done using /home/seed/.npm/_locks/staging-d6faa95f0f429d3b.lock for /home/seed/HackSC/CS480VictoryLap/collabin/node_modules/.staging
191 silly rollbackFailedOptional Starting
192 silly rollbackFailedOptional Finishing
193 silly runTopLevelLifecycles Starting
194 silly runTopLevelLifecycles Finishing
195 silly install printInstalled
196 warn EPACKAGEJSON starter-node-angular@ No description
197 warn EPACKAGEJSON starter-node-angular@ No repository field.
198 warn EPACKAGEJSON starter-node-angular@ No license field.
199 verbose stack Error: client-session@0.1.7 install: `node-gyp rebuild`
199 verbose stack Exit status 1
199 verbose stack     at EventEmitter.<anonymous> (/usr/local/lib/node_modules/npm/lib/utils/lifecycle.js:233:16)
199 verbose stack     at emitTwo (events.js:87:13)
199 verbose stack     at EventEmitter.emit (events.js:172:7)
199 verbose stack     at ChildProcess.<anonymous> (/usr/local/lib/node_modules/npm/lib/utils/spawn.js:24:14)
199 verbose stack     at emitTwo (events.js:87:13)
199 verbose stack     at ChildProcess.emit (events.js:172:7)
199 verbose stack     at maybeClose (internal/child_process.js:818:16)
199 verbose stack     at Process.ChildProcess._handle.onexit (internal/child_process.js:211:5)
200 verbose pkgid client-session@0.1.7
201 verbose cwd /home/seed/HackSC/CS480VictoryLap/collabin
202 error Linux 3.5.0-37-generic
203 error argv "/usr/local/bin/node" "/usr/local/bin/npm" "install"
204 error node v5.0.0
205 error npm  v3.3.6
206 error code ELIFECYCLE
207 error client-session@0.1.7 install: `node-gyp rebuild`
207 error Exit status 1
208 error Failed at the client-session@0.1.7 install script 'node-gyp rebuild'.
208 error This is most likely a problem with the client-session package,
208 error not with npm itself.
208 error Tell the author that this fails on your system:
208 error     node-gyp rebuild
208 error You can get their info via:
208 error     npm owner ls client-session
208 error There is likely additional logging output above.
209 verbose exit [ 1, true ]
